<?xml version="1.0" encoding="UTF-8"?>
<testsuites>
<testsuite name="IntegrationTests.Game" tests="1" failures="0">
  <testcase name="renderer/dynamic_model_render">
  </testcase>
</testsuite>
<testsuite name="IntegrationTests.Editor" tests="12" failures="0">
  <testcase name="editor/dynamic_model_lifecycle">
  </testcase>
  <testcase name="editor/serialize_round_trip">
  </testcase>
  <testcase name="editor/undo_noop">
  </testcase>
  <testcase name="editor/does_new_assets_appear">
  </testcase>
  <testcase name="editor/prefab_mode_detection">
  </testcase>
  <testcase name="editor/prefab_command_validity">
  </testcase>
  <testcase name="editor/prefab_file_io">
  </testcase>
  <testcase name="editor/instantiate_prefab_command">
  </testcase>
  <testcase name="editor/prefab_create_and_replace">
  </testcase>
  <testcase name="editor/prefab_roundtrip_edit">
  </testcase>
  <testcase name="editor/road_network_basic">
  </testcase>
  <testcase name="editor/road_network_roundtrip">
  </testcase>
</testsuite>
</testsuites>

