<?xml version="1.0" encoding="UTF-8"?>
<testsuite name="IntegrationTests.editor" tests="23" failures="0">
  <testcase name="editor/prefab_mode_detection">
  </testcase>
  <testcase name="editor/prefab_command_validity">
  </testcase>
  <testcase name="editor/prefab_file_io">
  </testcase>
  <testcase name="editor/instantiate_prefab_command">
  </testcase>
  <testcase name="editor/prefab_create_and_replace">
  </testcase>
  <testcase name="editor/prefab_roundtrip_edit">
  </testcase>
  <testcase name="editor/inherited_entity_not_deletable">
  </testcase>
  <testcase name="editor/prefab_save_extension_correct">
  </testcase>
  <testcase name="editor/prefab_flatten_on_drop">
  </testcase>
  <testcase name="editor/prefab_drop_then_undo_no_crash">
  </testcase>
  <testcase name="editor/prefab_auto_flatten_on_load">
  </testcase>
  <testcase name="editor/make_prefab_replace_refused_in_prefab_mode">
  </testcase>
  <testcase name="editor/serialize_round_trip">
  </testcase>
  <testcase name="editor/test_open_invalid_map">
  </testcase>
  <testcase name="editor/test_open_empty_map">
  </testcase>
  <testcase name="editor/undo_noop">
  </testcase>
  <testcase name="editor/does_new_assets_appear">
  </testcase>
  <testcase name="editor/dynamic_model_lifecycle">
  </testcase>
  <testcase name="physics/body/lua_smoke_static_dynamic_toggle">
  </testcase>
  <testcase name="physics/body/lua_smoke_enable_disable">
  </testcase>
  <testcase name="lua/smoke/arithmetic">
  </testcase>
  <testcase name="lua/smoke/yield">
  </testcase>
  <testcase name="lua/smoke/gameplay_static">
  </testcase>
</testsuite>
